Fri 21 Apr 2023 06:32:36 PM UTC: 
 tests:  1|8
total_score: 0/70
8ba0ce8
Fri 21 Apr 2023 06:54:45 PM UTC: 
 treemap.c | 4 ++--
 1 file changed, 2 insertions(+), 2 deletions(-)
 tests:  1|8
total_score: 0/70
a601d32
Fri 21 Apr 2023 06:55:24 PM UTC: 
 treemap.c | 6 +++++-
 1 file changed, 5 insertions(+), 1 deletion(-)
 tests:  4|7
total_score: 5/70
cd28804
Fri 21 Apr 2023 07:15:12 PM UTC: 
 treemap.c | 11 ++++++++---
 1 file changed, 8 insertions(+), 3 deletions(-)
 tests:  0|0
647d259
Fri 21 Apr 2023 07:21:00 PM UTC: 
 treemap.c | 13 +++++++------
 1 file changed, 7 insertions(+), 6 deletions(-)
 tests:  0|0
02ca6ad
Fri 21 Apr 2023 07:21:33 PM UTC: 
 treemap.c | 2 +-
 1 file changed, 1 insertion(+), 1 deletion(-)
 tests:  8|7
total_score: 5/70
97cb2f6
Fri 21 Apr 2023 07:26:38 PM UTC: 
 treemap.c | 2 +-
 1 file changed, 1 insertion(+), 1 deletion(-)
 tests:  6|7
total_score: 5/70
b041cb8
Fri 21 Apr 2023 07:26:54 PM UTC: 
 treemap.c | 2 +-
 1 file changed, 1 insertion(+), 1 deletion(-)
 tests:  8|7
total_score: 5/70
e8b8039
Fri 21 Apr 2023 07:31:43 PM UTC: 
 treemap.c | 4 ++--
 1 file changed, 2 insertions(+), 2 deletions(-)
 tests:  8|7
total_score: 5/70
262931c
Fri 21 Apr 2023 07:32:55 PM UTC: 
 treemap.c | 5 ++++-
 1 file changed, 4 insertions(+), 1 deletion(-)
In file included from test.c:4:
treemap.c: In function ‘firstTreeMap’:
treemap.c:92:1: error: control reaches end of non-void function [-Werror=return-type]
   92 | }
      | ^
cc1: all warnings being treated as errors
Compilation failed
c5c172e
Fri 21 Apr 2023 07:33:03 PM UTC: 
 treemap.c | 1 +
 1 file changed, 1 insertion(+)
 tests:  8|7
total_score: 5/70
4a372d1
Fri 21 Apr 2023 07:34:56 PM UTC: 
 treemap.c | 3 ---
 1 file changed, 3 deletions(-)
 tests:  8|7
total_score: 5/70
d54266e
Fri 21 Apr 2023 07:39:57 PM UTC: 
 treemap.c | 5 +++++
 1 file changed, 5 insertions(+)
 tests:  0|0
4a2295c
Fri 21 Apr 2023 11:25:29 PM UTC: 
 treemap.c | 3 ++-
 1 file changed, 2 insertions(+), 1 deletion(-)
 tests:  10|6
total_score: 10/70
a0743b6
Fri 21 Apr 2023 11:28:58 PM UTC: 
 treemap.c | 7 +++++++
 1 file changed, 7 insertions(+)
 tests:  10|6
total_score: 10/70
ed3b5c7
Sat 22 Apr 2023 09:52:00 PM UTC: 
 treemap.c | 20 ++++++++++++++------
 1 file changed, 14 insertions(+), 6 deletions(-)
 tests:  10|6
total_score: 10/70
5631536
Sat 22 Apr 2023 10:59:23 PM UTC: 
 treemap.c | 34 +++++++++++++++++++++++++---------
 1 file changed, 25 insertions(+), 9 deletions(-)
 tests:  12|6
total_score: 15/70
aa8b608
Sat 22 Apr 2023 11:04:53 PM UTC: 
 treemap.c | 12 +++++-------
 1 file changed, 5 insertions(+), 7 deletions(-)
 tests:  12|6
total_score: 15/70
bc0a254
Sat 22 Apr 2023 11:09:08 PM UTC: 
 treemap.c | 2 ++
 1 file changed, 2 insertions(+)
 tests:  12|6
total_score: 15/70
bd851bf
Sat 22 Apr 2023 11:12:44 PM UTC: 
 treemap.c | 3 ++-
 1 file changed, 2 insertions(+), 1 deletion(-)
 tests:  12|6
total_score: 15/70
48a2f1f
Sat 22 Apr 2023 11:43:23 PM UTC: 
 treemap.c | 1 +
 1 file changed, 1 insertion(+)
 tests:  12|6
total_score: 15/70
4760b32
Sat 22 Apr 2023 11:46:09 PM UTC: 
 treemap.c | 2 +-
 1 file changed, 1 insertion(+), 1 deletion(-)
In file included from test.c:4:
treemap.c: In function ‘nextTreeMap’:
treemap.c:122:13: error: format not a string literal and no format arguments [-Werror=format-security]
  122 |             printf(tree->current->pair->key);
      |             ^~~~~~
cc1: all warnings being treated as errors
Compilation failed
a172285
Sat 22 Apr 2023 11:46:26 PM UTC: 
 treemap.c | 2 +-
 1 file changed, 1 insertion(+), 1 deletion(-)
In file included from test.c:4:
treemap.c: In function ‘nextTreeMap’:
treemap.c:122:22: error: format ‘%s’ expects argument of type ‘char *’, but argument 2 has type ‘void *’ [-Werror=format=]
  122 |             printf("%s",tree->current->pair->key);
      |                     ~^  ~~~~~~~~~~~~~~~~~~~~~~~~
      |                      |                     |
      |                      char *                void *
      |                     %p
cc1: all warnings being treated as errors
Compilation failed
2cda036
Sat 22 Apr 2023 11:48:35 PM UTC: 
 treemap.c | 2 +-
 1 file changed, 1 insertion(+), 1 deletion(-)
In file included from test.c:4:
treemap.c: In function ‘nextTreeMap’:
treemap.c:122:38: error: ‘TreeNode’ has no member named ‘value’
  122 |             printf("%d",tree->current->value);
      |                                      ^~
Compilation failed
5f23d39
Sat 22 Apr 2023 11:48:47 PM UTC: 
 treemap.c | 2 +-
 1 file changed, 1 insertion(+), 1 deletion(-)
In file included from test.c:4:
treemap.c: In function ‘nextTreeMap’:
treemap.c:122:22: error: format ‘%d’ expects argument of type ‘int’, but argument 2 has type ‘void *’ [-Werror=format=]
  122 |             printf("%d",tree->current->pair->value);
      |                     ~^  ~~~~~~~~~~~~~~~~~~~~~~~~~~
      |                      |                     |
      |                      int                   void *
      |                     %p
cc1: all warnings being treated as errors
Compilation failed
3938c4a
Sat 22 Apr 2023 11:49:39 PM UTC: 
 treemap.c | 2 +-
 1 file changed, 1 insertion(+), 1 deletion(-)
In file included from test.c:4:
treemap.c: In function ‘nextTreeMap’:
treemap.c:122:25: error: cast from pointer to integer of different size [-Werror=pointer-to-int-cast]
  122 |             printf("%d",(int)tree->current->pair->value);
      |                         ^
cc1: all warnings being treated as errors
Compilation failed
dd5e95a
Sat 22 Apr 2023 11:49:48 PM UTC: 
 treemap.c | 2 +-
 1 file changed, 1 insertion(+), 1 deletion(-)
In file included from test.c:4:
treemap.c: In function ‘nextTreeMap’:
treemap.c:122:26: error: cast from pointer to integer of different size [-Werror=pointer-to-int-cast]
  122 |             printf("%d",((int)tree->current->pair->value);
      |                          ^
treemap.c:122:58: error: expected ‘)’ before ‘;’ token
  122 |             printf("%d",((int)tree->current->pair->value);
      |                   ~                                      ^
      |                                                          )
treemap.c:124:27: error: expected ‘;’ before ‘}’ token
  124 |               return NULL;
      |                           ^
      |                           ;
  125 |           }
      |           ~                
cc1: all warnings being treated as errors
Compilation failed
53b0523
Sat 22 Apr 2023 11:50:02 PM UTC: 
 treemap.c | 2 +-
 1 file changed, 1 insertion(+), 1 deletion(-)
In file included from test.c:4:
treemap.c: In function ‘nextTreeMap’:
treemap.c:122:59: error: expected ‘)’ before ‘;’ token
  122 |             printf("%d",((int*)tree->current->pair->value);
      |                   ~                                       ^
      |                                                           )
treemap.c:122:22: error: format ‘%d’ expects argument of type ‘int’, but argument 2 has type ‘int *’ [-Werror=format=]
  122 |             printf("%d",((int*)tree->current->pair->value);
      |                     ~^  ~~~~~~~~~~~~~~~~~~~~~~~~~~~~~~~~~~
      |                      |   |
      |                      int int *
      |                     %ls
treemap.c:124:27: error: expected ‘;’ before ‘}’ token
  124 |               return NULL;
      |                           ^
      |                           ;
  125 |           }
      |           ~                
cc1: all warnings being treated as errors
Compilation failed
4d0eda7
Sat 22 Apr 2023 11:50:16 PM UTC: 
 treemap.c | 2 +-
 1 file changed, 1 insertion(+), 1 deletion(-)
In file included from test.c:4:
treemap.c: In function ‘nextTreeMap’:
treemap.c:122:60: error: expected ‘)’ before ‘;’ token
  122 |             printf("%d",(*(int*)tree->current->pair->value);
      |                   ~                                        ^
      |                                                            )
treemap.c:124:27: error: expected ‘;’ before ‘}’ token
  124 |               return NULL;
      |                           ^
      |                           ;
  125 |           }
      |           ~                
Compilation failed
72257bf
Sat 22 Apr 2023 11:51:15 PM UTC: 
 treemap.c | 2 +-
 1 file changed, 1 insertion(+), 1 deletion(-)
In file included from test.c:4:
treemap.c: In function ‘nextTreeMap’:
treemap.c:122:22: error: format ‘%d’ expects argument of type ‘int’, but argument 2 has type ‘TreeNode *’ [-Werror=format=]
  122 |             printf("%d",tree->current);
      |                     ~^  ~~~~~~~~~~~~~
      |                      |      |
      |                      int    TreeNode *
cc1: all warnings being treated as errors
Compilation failed
fdcb4d0
Sat 22 Apr 2023 11:52:20 PM UTC: 
 treemap.c | 5 ++---
 1 file changed, 2 insertions(+), 3 deletions(-)
 tests:  12|6
total_score: 15/70
a2dbf29
Sat 22 Apr 2023 11:52:38 PM UTC: 
 treemap.c | 1 +
 1 file changed, 1 insertion(+)
 tests:  12|6
total_score: 15/70
8b4ea83
Sat 22 Apr 2023 11:52:58 PM UTC: 
 treemap.c | 3 +--
 1 file changed, 1 insertion(+), 2 deletions(-)
 tests:  0|0
447df07
Sun 23 Apr 2023 12:02:54 AM UTC: 
 treemap.c | 3 +--
 1 file changed, 1 insertion(+), 2 deletions(-)
 tests:  0|0
de7cb19
Sun 23 Apr 2023 12:03:27 AM UTC: 
 treemap.c | 2 ++
 1 file changed, 2 insertions(+)
 tests:  12|6
total_score: 15/70
35cd63d
Sun 23 Apr 2023 12:04:23 AM UTC: 
 treemap.c | 2 +-
 1 file changed, 1 insertion(+), 1 deletion(-)
In file included from test.c:4:
treemap.c: In function ‘nextTreeMap’:
treemap.c:120:17: error: cast from pointer to integer of different size [-Werror=pointer-to-int-cast]
  120 |           while((int)tree->current->pair->key <= (int)aux->pair->key){
      |                 ^
treemap.c:120:50: error: cast from pointer to integer of different size [-Werror=pointer-to-int-cast]
  120 |           while((int)tree->current->pair->key <= (int)aux->pair->key){
      |                                                  ^
cc1: all warnings being treated as errors
Compilation failed
c46ba7c
Sun 23 Apr 2023 12:04:35 AM UTC: 
 treemap.c | 2 +-
 1 file changed, 1 insertion(+), 1 deletion(-)
 tests:  12|6
total_score: 15/70
070b5bf
Sun 23 Apr 2023 12:04:46 AM UTC: 
 treemap.c | 2 +-
 1 file changed, 1 insertion(+), 1 deletion(-)
 tests:  12|6
total_score: 15/70
239e6f4
Sun 23 Apr 2023 12:05:10 AM UTC: 
 treemap.c | 3 ++-
 1 file changed, 2 insertions(+), 1 deletion(-)
 tests:  12|6
total_score: 15/70
c93f735
Sun 23 Apr 2023 12:05:26 AM UTC: 
 treemap.c | 2 +-
 1 file changed, 1 insertion(+), 1 deletion(-)
 tests:  12|6
total_score: 15/70
885a54e
Sun 23 Apr 2023 12:19:52 AM UTC: 
 treemap.c | 2 +-
 1 file changed, 1 insertion(+), 1 deletion(-)
In file included from test.c:4:
treemap.c: In function ‘nextTreeMap’:
treemap.c:121:48: error: lvalue required as left operand of assignment
  121 |           while((int*)tree->current->pair->key = (int*)aux->pair->key){
      |                                                ^
Compilation failed
6e4abc5
Sun 23 Apr 2023 12:19:58 AM UTC: 
 treemap.c | 2 +-
 1 file changed, 1 insertion(+), 1 deletion(-)
 tests:  14|6
total_score: 20/70
4f47c35
Sun 23 Apr 2023 12:20:40 AM UTC: 
 treemap.c | 2 +-
 1 file changed, 1 insertion(+), 1 deletion(-)
 tests:  14|6
total_score: 20/70
9459b59
Sun 23 Apr 2023 12:21:21 AM UTC: 
 treemap.c | 4 ++--
 1 file changed, 2 insertions(+), 2 deletions(-)
 tests:  13|6
total_score: 15/70
aa1b165
Sun 23 Apr 2023 12:21:30 AM UTC: 
 treemap.c | 2 +-
 1 file changed, 1 insertion(+), 1 deletion(-)
 tests:  0|0
2f2428c
Sun 23 Apr 2023 12:21:41 AM UTC: 
 treemap.c | 2 +-
 1 file changed, 1 insertion(+), 1 deletion(-)
 tests:  13|6
total_score: 15/70
c26eba7
Sun 23 Apr 2023 12:21:56 AM UTC: 
 treemap.c | 4 ++--
 1 file changed, 2 insertions(+), 2 deletions(-)
 tests:  14|6
total_score: 20/70
7be08f3
Sun 23 Apr 2023 12:26:04 AM UTC: 
 treemap.c | 4 +++-
 1 file changed, 3 insertions(+), 1 deletion(-)
In file included from test.c:4:
treemap.c: In function ‘nextTreeMap’:
treemap.c:121:17: error: implicit declaration of function ‘lower_than_int’ [-Werror=implicit-function-declaration]
  121 |           while(lower_than_int(tree->current->pair->key, aux->pair->key)
      |                 ^~~~~~~~~~~~~~
cc1: all warnings being treated as errors
Compilation failed
1435be1
Sun 23 Apr 2023 12:26:18 AM UTC: 
 treemap.c | 2 +-
 1 file changed, 1 insertion(+), 1 deletion(-)
In file included from test.c:4:
treemap.c: In function ‘nextTreeMap’:
treemap.c:121:17: error: implicit declaration of function ‘lower_than’ [-Werror=implicit-function-declaration]
  121 |           while(lower_than(tree->current->pair->key, aux->pair->key)
      |                 ^~~~~~~~~~
cc1: all warnings being treated as errors
Compilation failed
bbe89b8
Sun 23 Apr 2023 12:27:15 AM UTC: 
 treemap.c | 4 ++--
 1 file changed, 2 insertions(+), 2 deletions(-)
In file included from test.c:4:
treemap.c: In function ‘nextTreeMap’:
treemap.c:121:17: error: implicit declaration of function ‘lower_than’ [-Werror=implicit-function-declaration]
  121 |           while(lower_than(tree->current->pair->key, aux->pair->key) == 1
      |                 ^~~~~~~~~~
cc1: all warnings being treated as errors
Compilation failed
bd80b99
Sun 23 Apr 2023 12:27:23 AM UTC: 
 treemap.c | 2 +-
 1 file changed, 1 insertion(+), 1 deletion(-)
In file included from test.c:4:
treemap.c: In function ‘nextTreeMap’:
treemap.c:121:17: error: implicit declaration of function ‘lower_than_int’ [-Werror=implicit-function-declaration]
  121 |           while(lower_than_int(tree->current->pair->key, aux->pair->key) == 1
      |                 ^~~~~~~~~~~~~~
cc1: all warnings being treated as errors
Compilation failed
f47d3a0
Sun 23 Apr 2023 12:30:53 AM UTC: 
 treemap.c | 2 +-
 1 file changed, 1 insertion(+), 1 deletion(-)
 tests:  14|6
total_score: 20/70
85ea85d
Sun 23 Apr 2023 12:31:23 AM UTC: 
 treemap.c | 1 -
 1 file changed, 1 deletion(-)
 tests:  14|6
total_score: 20/70
354e940
Sun 23 Apr 2023 12:32:13 AM UTC: 
 treemap.c | 2 +-
 1 file changed, 1 insertion(+), 1 deletion(-)
 tests:  12|6
total_score: 15/70
4a6b50e
Sun 23 Apr 2023 12:33:28 AM UTC: 
 treemap.c | 3 ++-
 1 file changed, 2 insertions(+), 1 deletion(-)
 tests:  14|6
total_score: 20/70
01d76a5
Sun 23 Apr 2023 12:34:49 AM UTC: 
 treemap.c | 2 +-
 1 file changed, 1 insertion(+), 1 deletion(-)
In file included from test.c:4:
treemap.c: In function ‘nextTreeMap’:
treemap.c:125:13: error: format not a string literal and no format arguments [-Werror=format-security]
  125 |             printf(tree->current->pair->key);
      |             ^~~~~~
cc1: all warnings being treated as errors
Compilation failed
60ba1b4
Sun 23 Apr 2023 12:35:00 AM UTC: 
 treemap.c | 2 +-
 1 file changed, 1 insertion(+), 1 deletion(-)
In file included from test.c:4:
treemap.c: In function ‘nextTreeMap’:
treemap.c:125:13: error: implicit declaration of function ‘print’; did you mean ‘printf’? [-Werror=implicit-function-declaration]
  125 |             print(tree->current->pair->key);
      |             ^~~~~
      |             printf
cc1: all warnings being treated as errors
Compilation failed
4e30d49
Sun 23 Apr 2023 12:36:06 AM UTC: 
 treemap.c | 5 +++--
 1 file changed, 3 insertions(+), 2 deletions(-)
In file included from test.c:4:
treemap.c: In function ‘nextTreeMap’:
treemap.c:100:12: error: initialization of ‘int’ from ‘int *’ makes integer from pointer without a cast [-Werror=int-conversion]
  100 |   int k1 = (int*)tree->current->pair->key;
      |            ^
cc1: all warnings being treated as errors
Compilation failed
167cffa
Sun 23 Apr 2023 12:36:17 AM UTC: 
 treemap.c | 2 +-
 1 file changed, 1 insertion(+), 1 deletion(-)
In file included from test.c:4:
treemap.c: In function ‘nextTreeMap’:
treemap.c:100:12: error: cast from pointer to integer of different size [-Werror=pointer-to-int-cast]
  100 |   int k1 = (int)tree->current->pair->key;
      |            ^
cc1: all warnings being treated as errors
Compilation failed
450ed11
Sun 23 Apr 2023 12:36:27 AM UTC: 
 treemap.c | 2 +-
 1 file changed, 1 insertion(+), 1 deletion(-)
In file included from test.c:4:
treemap.c: In function ‘nextTreeMap’:
treemap.c:126:22: error: format ‘%d’ expects argument of type ‘int’, but argument 2 has type ‘int *’ [-Werror=format=]
  126 |             printf("%d", k1);
      |                     ~^   ~~
      |                      |   |
      |                      int int *
      |                     %ls
cc1: all warnings being treated as errors
Compilation failed
224458c
Sun 23 Apr 2023 12:36:36 AM UTC: 
 treemap.c | 2 +-
 1 file changed, 1 insertion(+), 1 deletion(-)
 tests:  14|6
total_score: 20/70
43a2344
Sun 23 Apr 2023 12:37:00 AM UTC: 
 treemap.c | 4 ++--
 1 file changed, 2 insertions(+), 2 deletions(-)
 tests:  14|6
total_score: 20/70
cf50b10
Sun 23 Apr 2023 12:37:37 AM UTC: 
 treemap.c | 3 +--
 1 file changed, 1 insertion(+), 2 deletions(-)
 tests:  0|0
838b984
Sun 23 Apr 2023 12:38:26 AM UTC: 
 treemap.c | 5 ++---
 1 file changed, 2 insertions(+), 3 deletions(-)
 tests:  15|5
total_score: 25/70
c670ca4
Sun 23 Apr 2023 01:03:36 AM UTC: 
 treemap.c | 13 ++++++-------
 1 file changed, 6 insertions(+), 7 deletions(-)
In file included from test.c:4:
treemap.c: In function ‘searchTreeMap’:
treemap.c:75:34: error: expected ‘;’ before ‘return’
   75 |       p->pair = nextTreeMap(tree)
      |                                  ^
      |                                  ;
   76 |     return p->pair;
      |     ~~~~~~                        
Compilation failed
e6b51d9
Sun 23 Apr 2023 01:03:46 AM UTC: 
 treemap.c | 2 +-
 1 file changed, 1 insertion(+), 1 deletion(-)
 tests:  0|0
ef9a3fd
Sun 23 Apr 2023 01:05:19 AM UTC: 
 treemap.c | 10 +++-------
 1 file changed, 3 insertions(+), 7 deletions(-)
In file included from test.c:4:
treemap.c: In function ‘searchTreeMap’:
treemap.c:74:11: error: ‘Pair’ has no member named ‘pair’
   74 |   return p->pair;
      |           ^~
treemap.c:75:1: error: control reaches end of non-void function [-Werror=return-type]
   75 | }
      | ^
cc1: all warnings being treated as errors
Compilation failed
2e4fe32
Sun 23 Apr 2023 01:05:29 AM UTC: 
 treemap.c | 2 +-
 1 file changed, 1 insertion(+), 1 deletion(-)
 tests:  0|0
e3903ef
Sun 23 Apr 2023 01:07:14 AM UTC: 
 treemap.c | 2 +-
 1 file changed, 1 insertion(+), 1 deletion(-)
 tests:  0|0
efc5535
Sun 23 Apr 2023 01:07:25 AM UTC: 
 treemap.c | 2 +-
 1 file changed, 1 insertion(+), 1 deletion(-)
 tests:  0|0
3d4fb87
Sun 23 Apr 2023 01:07:48 AM UTC: 
 treemap.c | 2 +-
 1 file changed, 1 insertion(+), 1 deletion(-)
 tests:  0|0
41f26e5
Sun 23 Apr 2023 01:10:50 AM UTC: 
 treemap.c | 5 ++++-
 1 file changed, 4 insertions(+), 1 deletion(-)
 tests:  0|0
7795d8e
Sun 23 Apr 2023 01:12:26 AM UTC: 
 treemap.c | 4 +++-
 1 file changed, 3 insertions(+), 1 deletion(-)
 tests:  18|4
total_score: 35/70
778ac96
Sun 23 Apr 2023 02:04:29 AM UTC: 
 treemap.c | 11 +++++++++++
 1 file changed, 11 insertions(+)
In file included from test.c:4:
treemap.c: In function ‘insertTreeMap’:
treemap.c:51:8: error: too few arguments to function ‘is_equal’
   51 |     if(is_equal(new->pair->key,tree->current->pair->key) == 1) return NULL;
      |        ^~~~~~~~
treemap.c:22:5: note: declared here
   22 | int is_equal(TreeMap* tree, void* key1, void* key2){
      |     ^~~~~~~~
treemap.c:51:71: error: ‘return’ with a value, in function returning void [-Werror=return-type]
   51 |     if(is_equal(new->pair->key,tree->current->pair->key) == 1) return NULL;
      |                                                                       ^~~~
treemap.c:46:6: note: declared here
   46 | void insertTreeMap(TreeMap * tree, void* key, void * value) {
      |      ^~~~~~~~~~~~~
cc1: all warnings being treated as errors
Compilation failed
70c059f
Sun 23 Apr 2023 02:04:44 AM UTC: 
 treemap.c | 2 +-
 1 file changed, 1 insertion(+), 1 deletion(-)
In file included from test.c:4:
treemap.c: In function ‘insertTreeMap’:
treemap.c:51:76: error: ‘return’ with a value, in function returning void [-Werror=return-type]
   51 |     if(is_equal(tree,new->pair->key,tree->current->pair->key) == 1) return NULL;
      |                                                                            ^~~~
treemap.c:46:6: note: declared here
   46 | void insertTreeMap(TreeMap * tree, void* key, void * value) {
      |      ^~~~~~~~~~~~~
cc1: all warnings being treated as errors
Compilation failed
d157b47
Sun 23 Apr 2023 02:05:02 AM UTC: 
 treemap.c | 2 +-
 1 file changed, 1 insertion(+), 1 deletion(-)
 tests:  10|0
   [ INFO ] inicializando el arbol...
84ce4b9
Sun 23 Apr 2023 02:05:43 AM UTC: 
 treemap.c | 2 +-
 1 file changed, 1 insertion(+), 1 deletion(-)
 tests:  18|4
total_score: 35/70
585c9ac
Sun 23 Apr 2023 02:06:07 AM UTC: 
 treemap.c | 1 +
 1 file changed, 1 insertion(+)
In file included from test.c:4:
treemap.c: In function ‘insertTreeMap’:
treemap.c:59:3: error: too few arguments to function ‘exit’
   59 |   exit();
      |   ^~~~
In file included from test.c:2:
/nix/store/4pqv2mwdn88h7xvsm7a5zplrd8sxzvw0-glibc-2.35-163-dev/include/stdlib.h:624:13: note: declared here
  624 | extern void exit (int __status) __THROW __attribute__ ((__noreturn__));
      |             ^~~~
Compilation failed
ea06479
Sun 23 Apr 2023 02:06:20 AM UTC: 
 treemap.c | 2 +-
 1 file changed, 1 insertion(+), 1 deletion(-)
 tests:  10|0
   [ INFO ] inicializando el arbol...
afc0a80
Sun 23 Apr 2023 02:06:32 AM UTC: 
 treemap.c | 1 -
 1 file changed, 1 deletion(-)
 tests:  18|4
total_score: 35/70
db82448
Sun 23 Apr 2023 02:12:25 AM UTC: 
 treemap.c | 4 +++-
 1 file changed, 3 insertions(+), 1 deletion(-)
 tests:  18|4
total_score: 35/70
ea5891f
Sun 23 Apr 2023 02:14:39 AM UTC: 
 treemap.c | 5 ++++-
 1 file changed, 4 insertions(+), 1 deletion(-)
 tests:  18|4
total_score: 35/70
ca69768
Sun 23 Apr 2023 02:22:17 AM UTC: 
 treemap.c | 2 +-
 1 file changed, 1 insertion(+), 1 deletion(-)
 tests:  18|4
total_score: 35/70
4a17ea5
Sun 23 Apr 2023 02:24:38 AM UTC: 
 treemap.c | 12 +++++-------
 1 file changed, 5 insertions(+), 7 deletions(-)
 tests:  18|4
total_score: 35/70
c1ab2e6
Sun 23 Apr 2023 03:01:04 AM UTC: 
 treemap.c | 10 +++++++++-
 1 file changed, 9 insertions(+), 1 deletion(-)
 tests:  20|3
total_score: 35/70
ae540ba
Sun 23 Apr 2023 03:07:43 AM UTC: 
 treemap.c | 21 ++++++++++++++-------
 1 file changed, 14 insertions(+), 7 deletions(-)
 tests:  21|3
total_score: 35/70
23bc1ac
Sun 23 Apr 2023 03:08:43 AM UTC: 
 treemap.c | 2 ++
 1 file changed, 2 insertions(+)
 tests:  22|2
total_score: 45/70
185e8c9
Sun 23 Apr 2023 03:11:44 AM UTC: 
 treemap.c | 5 ++++-
 1 file changed, 4 insertions(+), 1 deletion(-)
 tests:  23|2
total_score: 45/70
323a8f4
Sun 23 Apr 2023 03:16:40 AM UTC: 
 treemap.c | 9 +++++++--
 1 file changed, 7 insertions(+), 2 deletions(-)
 tests:  23|2
total_score: 45/70
f9425d5
Sun 23 Apr 2023 03:18:03 AM UTC: 
 treemap.c | 2 +-
 1 file changed, 1 insertion(+), 1 deletion(-)
 tests:  23|2
total_score: 45/70
abcded6
Sun 23 Apr 2023 03:22:21 AM UTC: 
 treemap.c | 1 +
 1 file changed, 1 insertion(+)
 tests:  22|2
total_score: 45/70
1a52ad3
Sun 23 Apr 2023 03:22:38 AM UTC: 
 treemap.c | 2 +-
 1 file changed, 1 insertion(+), 1 deletion(-)
 tests:  0|0
666697c
Sun 23 Apr 2023 03:22:45 AM UTC: 
 treemap.c | 2 +-
 1 file changed, 1 insertion(+), 1 deletion(-)
 tests:  22|2
total_score: 45/70
0379fbf
Sun 23 Apr 2023 03:24:48 AM UTC: 
 treemap.c | 5 +++--
 1 file changed, 3 insertions(+), 2 deletions(-)
 tests:  22|2
total_score: 45/70
97325d3
Sun 23 Apr 2023 03:25:06 AM UTC: 
 treemap.c | 4 +---
 1 file changed, 1 insertion(+), 3 deletions(-)
 tests:  23|2
total_score: 45/70
b2d77a4
Sun 23 Apr 2023 03:31:08 AM UTC: 
 treemap.c | 1 +
 1 file changed, 1 insertion(+)
 tests:  23|2
total_score: 45/70
ec5460c
Sun 23 Apr 2023 03:31:23 AM UTC: 
 treemap.c | 2 +-
 1 file changed, 1 insertion(+), 1 deletion(-)
 tests:  25|2
total_score: 50/70
af4e858
Sun 23 Apr 2023 03:33:56 AM UTC: 
 treemap.c | 2 +-
 1 file changed, 1 insertion(+), 1 deletion(-)
In file included from test.c:4:
treemap.c: In function ‘upperBound’:
treemap.c:113:10: error: variable ‘ub_node’ set but not used [-Werror=unused-but-set-variable]
  113 |   Pair * ub_node = p;
      |          ^~~~~~~
cc1: all warnings being treated as errors
Compilation failed
4f983fa
